time="2022-09-12T09:08:43-04:00" level=info msg="API logging activated."
time="2022-09-12T09:09:17-04:00" level=info msg="API logging activated."
time="2022-09-12T09:10:42-04:00" level=info msg="API logging activated."
time="2022-09-12T09:10:52-04:00" level=info msg="API logging activated."
time="2022-09-12T09:11:21-04:00" level=info msg="API logging activated."
time="2022-09-12T09:18:03-04:00" level=info msg="Router logging activated."
time="2022-09-12T09:18:09-04:00" level=info msg="Page Controller logging activated."
time="2022-09-12T09:18:09-04:00" level=info msg="Home chosen."
time="2022-09-12T09:20:42-04:00" level=info msg="Router logging activated."
time="2022-09-12T09:20:48-04:00" level=info msg="Page Controller logging activated."
time="2022-09-12T09:20:48-04:00" level=info msg="Home chosen."
time="2022-09-12T09:26:01-04:00" level=info msg="Router logging activated."
time="2022-09-12T09:26:08-04:00" level=info msg="Page Controller logging activated."
time="2022-09-12T09:26:08-04:00" level=info msg="Home chosen."
time="2022-09-12T09:26:41-04:00" level=info msg="Router logging activated."
time="2022-09-12T09:26:46-04:00" level=info msg="Page Controller logging activated."
time="2022-09-12T09:26:46-04:00" level=info msg="Home chosen."
time="2022-09-12T09:28:19-04:00" level=info msg="Router logging activated."
time="2022-09-12T09:28:25-04:00" level=info msg="Page Controller logging activated."
time="2022-09-12T09:28:25-04:00" level=info msg="Home chosen."
time="2022-09-12T09:29:35-04:00" level=info msg="Router logging activated."
time="2022-09-12T09:29:43-04:00" level=info msg="Page Controller logging activated."
time="2022-09-12T09:29:43-04:00" level=info msg="Home chosen."
time="2022-09-12T09:31:10-04:00" level=info msg="Router logging activated."
time="2022-09-12T09:31:16-04:00" level=info msg="Page Controller logging activated."
time="2022-09-12T09:31:16-04:00" level=info msg="Home chosen."
time="2022-09-12T09:31:32-04:00" level=info msg="Router logging activated."
time="2022-09-12T09:31:38-04:00" level=info msg="Page Controller logging activated."
time="2022-09-12T09:31:38-04:00" level=info msg="Home chosen."
time="2022-09-12T09:31:44-04:00" level=info msg="Router logging activated."
time="2022-09-12T09:31:48-04:00" level=info msg="Page Controller logging activated."
time="2022-09-12T09:31:48-04:00" level=info msg="Home chosen."
time="2022-09-12T09:36:59-04:00" level=info msg="Router logging activated."
time="2022-09-12T09:39:49-04:00" level=info msg="Router logging activated."
time="2022-09-12T09:39:55-04:00" level=info msg="Page Controller logging activated."
time="2022-09-12T09:39:55-04:00" level=info msg="Home chosen."
time="2022-09-12T09:40:57-04:00" level=info msg="Router logging activated."
time="2022-09-12T09:41:00-04:00" level=info msg="Page Controller logging activated."
time="2022-09-12T09:41:00-04:00" level=info msg="Home chosen."
time="2022-09-12T09:41:42-04:00" level=info msg="Router logging activated."
time="2022-09-12T09:41:45-04:00" level=info msg="Page Controller logging activated."
time="2022-09-12T09:41:45-04:00" level=info msg="Home chosen."
time="2022-09-12T09:48:08-04:00" level=info msg="Router logging activated."
time="2022-09-12T09:48:11-04:00" level=info msg="Page Controller logging activated."
time="2022-09-12T09:48:11-04:00" level=info msg="Home chosen."
time="2022-09-12T09:49:15-04:00" level=info msg="Router logging activated."
time="2022-09-12T09:49:20-04:00" level=info msg="Page Controller logging activated."
time="2022-09-12T09:49:20-04:00" level=info msg="Home chosen."
time="2022-09-12T09:49:51-04:00" level=info msg="Router logging activated."
time="2022-09-12T09:49:55-04:00" level=info msg="Page Controller logging activated."
time="2022-09-12T09:49:55-04:00" level=info msg="Home chosen."
time="2022-09-12T09:50:22-04:00" level=info msg="Router logging activated."
time="2022-09-12T09:50:25-04:00" level=info msg="Page Controller logging activated."
time="2022-09-12T09:50:25-04:00" level=info msg="Home chosen."
time="2022-09-12T09:50:59-04:00" level=info msg="Router logging activated."
time="2022-09-12T09:51:02-04:00" level=info msg="Page Controller logging activated."
time="2022-09-12T09:51:02-04:00" level=info msg="Home chosen."
time="2022-09-12T09:54:13-04:00" level=info msg="Router logging activated."
time="2022-09-12T09:54:16-04:00" level=info msg="Page Controller logging activated."
time="2022-09-12T09:54:16-04:00" level=info msg="Home chosen."
time="2022-09-12T09:55:12-04:00" level=info msg="Router logging activated."
time="2022-09-12T09:55:19-04:00" level=info msg="Page Controller logging activated."
time="2022-09-12T09:55:19-04:00" level=info msg="Home chosen."
time="2022-09-12T09:56:00-04:00" level=info msg="Router logging activated."
time="2022-09-12T09:56:07-04:00" level=info msg="Page Controller logging activated."
time="2022-09-12T09:56:07-04:00" level=info msg="Home chosen."
time="2022-09-12T09:56:08-04:00" level=info msg="Page Controller logging activated."
time="2022-09-12T09:56:08-04:00" level=info msg="About chosen."
time="2022-09-12T09:57:35-04:00" level=info msg="Router logging activated."
time="2022-09-12T09:57:38-04:00" level=info msg="Page Controller logging activated."
time="2022-09-12T09:57:38-04:00" level=info msg="About chosen."
time="2022-09-12T09:57:40-04:00" level=info msg="Page Controller logging activated."
time="2022-09-12T09:57:40-04:00" level=info msg="Contact chosen."
time="2022-09-12T09:57:42-04:00" level=info msg="Page Controller logging activated."
time="2022-09-12T09:57:42-04:00" level=info msg="Home chosen."
time="2022-09-12T10:00:06-04:00" level=info msg="Router logging activated."
time="2022-09-12T10:00:14-04:00" level=info msg="Page Controller logging activated."
time="2022-09-12T10:00:14-04:00" level=info msg="Home chosen."
time="2022-09-12T10:00:15-04:00" level=info msg="Page Controller logging activated."
time="2022-09-12T10:00:15-04:00" level=info msg="Contact chosen."
time="2022-09-12T10:00:20-04:00" level=info msg="Page Controller logging activated."
time="2022-09-12T10:00:20-04:00" level=info msg="About chosen."
time="2022-09-12T10:01:28-04:00" level=info msg="Router logging activated."
time="2022-09-12T10:01:36-04:00" level=info msg="Page Controller logging activated."
time="2022-09-12T10:01:36-04:00" level=info msg="About chosen."
time="2022-09-12T10:01:38-04:00" level=info msg="Page Controller logging activated."
time="2022-09-12T10:01:38-04:00" level=info msg="Home chosen."
time="2022-09-12T10:01:45-04:00" level=info msg="Page Controller logging activated."
time="2022-09-12T10:01:45-04:00" level=info msg="About chosen."
time="2022-09-12T10:01:47-04:00" level=info msg="Page Controller logging activated."
time="2022-09-12T10:01:47-04:00" level=info msg="Contact chosen."
time="2022-09-12T10:01:49-04:00" level=info msg="Page Controller logging activated."
time="2022-09-12T10:01:49-04:00" level=info msg="Home chosen."
time="2022-09-12T10:07:33-04:00" level=info msg="Router logging activated."
time="2022-09-12T10:07:38-04:00" level=info msg="Page Controller logging activated."
time="2022-09-12T10:07:38-04:00" level=info msg="Home chosen."
time="2022-09-12T10:07:45-04:00" level=info msg="Page Controller logging activated."
time="2022-09-12T10:07:45-04:00" level=info msg="Home chosen."
time="2022-09-12T10:07:48-04:00" level=info msg="Page Controller logging activated."
time="2022-09-12T10:07:48-04:00" level=info msg="About chosen."
time="2022-09-12T10:08:28-04:00" level=info msg="Router logging activated."
time="2022-09-12T10:08:30-04:00" level=info msg="Page Controller logging activated."
time="2022-09-12T10:08:30-04:00" level=info msg="About chosen."
time="2025-03-20T09:44:36-04:00" level=fatal msg="Error loading .env file"
time="2025-03-20T09:46:42-04:00" level=fatal msg="Error loading .env file"
time="2025-03-20T09:47:57-04:00" level=fatal msg="Error loading .env file"
time="2025-03-20T09:48:14-04:00" level=fatal msg="Error loading .env file"
time="2025-03-20T09:49:31-04:00" level=info msg="Router logging activated."
time="2025-03-20T09:49:47-04:00" level=info msg="Page Controller logging activated."
time="2025-03-20T09:49:47-04:00" level=info msg="Home chosen."
time="2025-03-20T09:49:51-04:00" level=info msg="Page Controller logging activated."
time="2025-03-20T09:49:51-04:00" level=info msg="About chosen."
time="2025-03-20T09:49:51-04:00" level=info msg="Page Controller logging activated."
time="2025-03-20T09:49:51-04:00" level=info msg="Contact chosen."
time="2025-03-20T09:49:52-04:00" level=info msg="Page Controller logging activated."
time="2025-03-20T09:49:52-04:00" level=info msg="Home chosen."
time="2025-03-20T09:49:55-04:00" level=info msg="Page Controller logging activated."
time="2025-03-20T09:49:55-04:00" level=info msg="About chosen."
time="2025-03-20T09:49:55-04:00" level=info msg="Page Controller logging activated."
time="2025-03-20T09:49:55-04:00" level=info msg="Contact chosen."
time="2025-03-20T09:52:28-04:00" level=info msg="Router logging activated."
time="2025-03-20T09:53:12-04:00" level=info msg="Page Controller logging activated."
time="2025-03-20T09:53:12-04:00" level=info msg="Home chosen."
time="2025-03-20T09:53:19-04:00" level=info msg="Page Controller logging activated."
time="2025-03-20T09:53:19-04:00" level=info msg="Home chosen."
time="2025-03-20T09:54:00-04:00" level=info msg="Router logging activated."
time="2025-03-20T09:54:03-04:00" level=info msg="Page Controller logging activated."
time="2025-03-20T09:54:03-04:00" level=info msg="Home chosen."
time="2025-03-20T09:55:01-04:00" level=info msg="Router logging activated."
time="2025-03-20T09:55:04-04:00" level=info msg="Page Controller logging activated."
time="2025-03-20T09:55:04-04:00" level=info msg="Home chosen."
time="2025-03-20T09:56:00-04:00" level=info msg="Router logging activated."
time="2025-03-20T09:56:03-04:00" level=info msg="Page Controller logging activated."
time="2025-03-20T09:56:03-04:00" level=info msg="Home chosen."
time="2025-03-20T09:57:08-04:00" level=info msg="Router logging activated."
time="2025-03-20T09:57:10-04:00" level=info msg="Page Controller logging activated."
time="2025-03-20T09:57:10-04:00" level=info msg="Home chosen."
time="2025-03-20T09:57:17-04:00" level=info msg="Page Controller logging activated."
time="2025-03-20T09:57:17-04:00" level=info msg="Contact chosen."
time="2025-03-20T09:57:18-04:00" level=info msg="Page Controller logging activated."
time="2025-03-20T09:57:18-04:00" level=info msg="About chosen."
time="2025-03-20T09:57:19-04:00" level=info msg="Page Controller logging activated."
time="2025-03-20T09:57:19-04:00" level=info msg="About chosen."
time="2025-03-20T09:57:19-04:00" level=info msg="Page Controller logging activated."
time="2025-03-20T09:57:19-04:00" level=info msg="Home chosen."
time="2025-03-20T09:58:00-04:00" level=info msg="Page Controller logging activated."
time="2025-03-20T09:58:00-04:00" level=info msg="Home chosen."
time="2025-03-20T09:58:04-04:00" level=info msg="Router logging activated."
time="2025-03-20T09:58:06-04:00" level=info msg="Page Controller logging activated."
time="2025-03-20T09:58:06-04:00" level=info msg="Home chosen."
time="2025-03-20T09:58:07-04:00" level=info msg="Page Controller logging activated."
time="2025-03-20T09:58:07-04:00" level=info msg="Home chosen."
time="2025-03-20T09:58:09-04:00" level=info msg="Page Controller logging activated."
time="2025-03-20T09:58:09-04:00" level=info msg="Contact chosen."
time="2025-03-20T09:58:10-04:00" level=info msg="Page Controller logging activated."
time="2025-03-20T09:58:10-04:00" level=info msg="Home chosen."
time="2025-03-20T09:59:53-04:00" level=info msg="Router logging activated."
time="2025-03-20T09:59:55-04:00" level=info msg="Page Controller logging activated."
time="2025-03-20T09:59:55-04:00" level=info msg="Home chosen."
time="2025-03-20T10:00:49-04:00" level=info msg="Page Controller logging activated."
time="2025-03-20T10:00:49-04:00" level=info msg="Home chosen."
time="2025-03-20T10:00:54-04:00" level=info msg="Page Controller logging activated."
time="2025-03-20T10:00:54-04:00" level=info msg="About chosen."
time="2025-03-20T10:00:55-04:00" level=info msg="Page Controller logging activated."
time="2025-03-20T10:00:55-04:00" level=info msg="Contact chosen."
time="2025-03-20T10:00:56-04:00" level=info msg="Page Controller logging activated."
time="2025-03-20T10:00:56-04:00" level=info msg="Home chosen."
time="2025-03-20T10:02:54-04:00" level=info msg="Router logging activated."
time="2025-03-20T10:03:02-04:00" level=info msg="Page Controller logging activated."
time="2025-03-20T10:03:02-04:00" level=info msg="Home chosen."
time="2025-03-20T10:03:04-04:00" level=info msg="Page Controller logging activated."
time="2025-03-20T10:03:04-04:00" level=info msg="About chosen."
time="2025-03-20T10:03:05-04:00" level=info msg="Page Controller logging activated."
time="2025-03-20T10:03:05-04:00" level=info msg="Contact chosen."
time="2025-03-20T10:03:05-04:00" level=info msg="Page Controller logging activated."
time="2025-03-20T10:03:05-04:00" level=info msg="Home chosen."
time="2025-06-15T15:57:01-04:00" level=info msg="Router logging activated."
time="2025-06-15T15:57:27-04:00" level=info msg="Page Controller logging activated."
time="2025-06-15T15:57:27-04:00" level=info msg="Home chosen."
time="2025-06-15T15:57:30-04:00" level=info msg="Page Controller logging activated."
time="2025-06-15T15:57:30-04:00" level=info msg="About chosen."
time="2025-06-15T15:57:31-04:00" level=info msg="Page Controller logging activated."
time="2025-06-15T15:57:31-04:00" level=info msg="Contact chosen."
time="2025-06-15T15:57:32-04:00" level=info msg="Page Controller logging activated."
time="2025-06-15T15:57:32-04:00" level=info msg="Home chosen."
time="2025-06-15T16:03:34-04:00" level=info msg="Router logging activated."
time="2025-06-15T16:03:50-04:00" level=info msg="Page Controller logging activated."
time="2025-06-15T16:03:50-04:00" level=info msg="Home chosen."
time="2025-06-15T16:03:51-04:00" level=info msg="Page Controller logging activated."
time="2025-06-15T16:03:51-04:00" level=info msg="Contact chosen."
time="2025-06-15T16:03:52-04:00" level=info msg="Page Controller logging activated."
time="2025-06-15T16:03:52-04:00" level=info msg="About chosen."
time="2025-06-15T16:03:53-04:00" level=info msg="Page Controller logging activated."
time="2025-06-15T16:03:53-04:00" level=info msg="Home chosen."
time="2025-06-15T16:24:06-04:00" level=info msg="Router logging activated."
time="2025-06-15T16:24:56-04:00" level=info msg="Router logging activated."
time="2025-06-16T19:23:09Z" level=info msg="Connected!"
time="2025-06-16T19:23:09Z" level=info msg="Router logging activated."
time="2025-06-16T19:23:20Z" level=info msg="Page Controller logging activated."
time="2025-06-16T19:23:20Z" level=info msg="Home chosen."
time="2025-06-16T19:23:22Z" level=info msg="Page Controller logging activated."
time="2025-06-16T19:23:22Z" level=info msg="About chosen."
time="2025-06-16T19:24:32Z" level=info msg="Connected!"
time="2025-06-16T19:24:32Z" level=info msg="Router logging activated."
time="2025-06-16T19:24:39Z" level=info msg="Page Controller logging activated."
time="2025-06-16T19:24:44Z" level=info msg="Page Controller logging activated."
time="2025-06-16T19:24:44Z" level=info msg="Home chosen."
time="2025-06-16T19:24:48Z" level=info msg="Page Controller logging activated."
time="2025-06-16T19:25:10Z" level=info msg="Connected!"
time="2025-06-16T19:25:10Z" level=info msg="Router logging activated."
time="2025-06-16T19:25:13Z" level=info msg="Page Controller logging activated."
time="2025-06-16T19:25:13Z" level=info msg="Login chosen."
time="2025-06-16T19:25:15Z" level=info msg="Page Controller logging activated."
time="2025-06-16T19:25:15Z" level=info msg="Login chosen."
time="2025-06-16T19:26:01Z" level=info msg="Connected!"
time="2025-06-16T19:26:01Z" level=info msg="Router logging activated."
time="2025-06-16T19:26:06Z" level=info msg="Page Controller logging activated."
time="2025-06-16T19:26:06Z" level=info msg="Login chosen."
time="2025-06-16T19:26:11Z" level=info msg="Page Controller logging activated."
time="2025-06-16T19:26:11Z" level=info msg="Home chosen."
time="2025-06-16T19:26:12Z" level=info msg="Page Controller logging activated."
time="2025-06-16T19:26:12Z" level=info msg="Contact chosen."
time="2025-06-16T19:26:13Z" level=info msg="Page Controller logging activated."
time="2025-06-16T19:26:13Z" level=info msg="About chosen."
time="2025-06-16T19:26:13Z" level=info msg="Page Controller logging activated."
time="2025-06-16T19:26:13Z" level=info msg="Home chosen."
time="2025-06-16T19:26:49Z" level=info msg="Connected!"
time="2025-06-16T19:26:49Z" level=info msg="Router logging activated."
time="2025-06-16T19:26:54Z" level=info msg="Page Controller logging activated."
time="2025-06-16T19:26:54Z" level=info msg="Home chosen."
time="2025-06-16T19:27:29Z" level=info msg="Connected!"
time="2025-06-16T19:27:29Z" level=info msg="Router logging activated."
time="2025-06-16T19:27:32Z" level=info msg="Page Controller logging activated."
time="2025-06-16T19:27:32Z" level=info msg="Home chosen."
time="2025-06-16T19:27:36Z" level=info msg="Page Controller logging activated."
time="2025-06-16T19:27:36Z" level=info msg="Login chosen."
